\BOOKMARK [1][-]{section.1}{\376\377\004\020\004\075\004\075\004\076\004\102\004\060\004\106\004\070\004\117}{}% 1
\BOOKMARK [2][-]{subsection.1.1}{\376\377\004\020\004\075\004\075\004\076\004\102\004\060\004\106\004\070\004\117}{section.1}% 2
\BOOKMARK [2][-]{subsection.1.2}{\376\377\000A\000b\000s\000t\000r\000a\000c\000t}{section.1}% 3
\BOOKMARK [2][-]{subsection.1.3}{\376\377\004\041\004\077\004\070\004\101\004\076\004\072\000\040\004\072\004\073\004\116\004\107\004\065\004\062\004\113\004\105\000\040\004\101\004\073\004\076\004\062}{section.1}% 4
\BOOKMARK [1][-]{section.2}{\376\377\004\022\004\062\004\065\004\064\004\065\004\075\004\070\004\065}{}% 5
\BOOKMARK [2][-]{subsection.2.1}{\376\377\004\020\004\072\004\102\004\103\004\060\004\073\004\114\004\075\004\076\004\101\004\102\004\114\000\040\004\070\000\040\004\067\004\075\004\060\004\107\004\070\004\074\004\076\004\101\004\102\004\114}{section.2}% 6
\BOOKMARK [2][-]{subsection.2.2}{\376\377\004\037\004\076\004\101\004\102\004\060\004\075\004\076\004\062\004\072\004\060\000\040\004\067\004\060\004\064\004\060\004\107\004\070}{section.2}% 7
\BOOKMARK [2][-]{subsection.2.3}{\376\377\004\055\004\102\004\060\004\077\004\113\000\040\004\077\004\100\004\076\004\065\004\072\004\102\004\060}{section.2}% 8
\BOOKMARK [2][-]{subsection.2.4}{\376\377\004\041\004\102\004\100\004\103\004\072\004\102\004\103\004\100\004\060\000\040\004\100\004\060\004\061\004\076\004\102\004\113}{section.2}% 9
\BOOKMARK [1][-]{section.3}{\376\377\004\036\004\061\004\067\004\076\004\100\000\040\004\101\004\103\004\111\004\065\004\101\004\102\004\062\004\103\004\116\004\111\004\070\004\105\000\040\004\100\004\060\004\061\004\076\004\102\000\040\004\070\000\040\004\100\004\065\004\110\004\065\004\075\004\070\004\071}{}% 10
\BOOKMARK [2][-]{subsection.3.1}{\376\377\004\034\004\060\004\100\004\072\004\065\004\102\004\077\004\073\004\065\004\071\004\101\004\113}{section.3}% 11
\BOOKMARK [2][-]{subsection.3.2}{\376\377\004\023\004\065\004\075\004\065\004\100\004\060\004\102\004\070\004\062\004\075\004\076\000-\004\101\004\076\004\101\004\102\004\117\004\067\004\060\004\102\004\065\004\073\004\114\004\075\004\113\004\065\000\040\004\101\004\065\004\102\004\070}{section.3}% 12
\BOOKMARK [1][-]{section.4}{\376\377\000S\000m\000a\000r\000t\000-\004\072\004\076\004\075\004\102\004\100\004\060\004\072\004\102\004\113}{}% 13
\BOOKMARK [2][-]{subsection.4.1}{\376\377\004\041\004\102\004\100\004\103\004\072\004\102\004\103\004\100\004\060\000\040\000N\000F\000T\000\040\000s\000m\000a\000r\000t\000-\004\072\004\076\004\075\004\102\004\100\004\060\004\072\004\102\004\060}{section.4}% 14
\BOOKMARK [2][-]{subsection.4.2}{\376\377\004\041\004\102\004\100\004\103\004\072\004\102\004\103\004\100\004\060\000\040\004\074\004\060\004\100\004\072\004\065\004\102\004\077\004\073\004\065\004\071\004\101\000\040\000s\000m\000a\000r\000t\000-\004\072\004\076\004\075\004\102\004\100\004\060\004\072\004\102\004\060}{section.4}% 15
\BOOKMARK [1][-]{section.5}{\376\377\000D\000i\000s\000c\000o\000r\000d\000-\004\061\004\076\004\102}{}% 16
\BOOKMARK [2][-]{subsection.5.1}{\376\377\004\022\004\067\004\060\004\070\004\074\004\076\004\064\004\065\004\071\004\101\004\102\004\062\004\070\004\065\000\040\004\101\000\040\000N\000E\000A\000R\000\040\000W\000a\000l\000l\000e\000t}{section.5}% 17
\BOOKMARK [2][-]{subsection.5.2}{\376\377\004\037\004\076\004\073\004\114\004\067\004\076\004\062\004\060\004\102\004\065\004\073\004\114\004\101\004\072\004\070\004\071\000\040\004\070\004\075\004\102\004\065\004\100\004\104\004\065\004\071\004\101}{section.5}% 18
\BOOKMARK [1][-]{section.6}{\376\377\004\023\004\065\004\075\004\065\004\100\004\060\004\102\004\070\004\062\004\075\004\076\000-\004\101\004\076\004\101\004\102\004\117\004\067\004\060\004\102\004\065\004\073\004\114\004\075\004\060\004\117\000\040\004\101\004\065\004\102\004\114}{}% 19
\BOOKMARK [1][-]{section.7}{\376\377\004\041\004\065\004\100\004\062\004\070\004\101\000\040\004\101\000\040\004\063\004\065\004\075\004\065\004\100\004\060\004\102\004\070\004\062\004\075\004\076\000-\004\101\004\076\004\101\004\102\004\117\004\067\004\060\004\102\004\065\004\073\004\114\004\075\004\076\004\071\000\040\004\101\004\065\004\102\004\114\004\116}{}% 20
\BOOKMARK [1][-]{section.8}{\376\377\004\022\004\113\004\062\004\076\004\064\004\113\000\040\004\070\000\040\004\100\004\065\004\067\004\103\004\073\004\114\004\102\004\060\004\102\004\113}{}% 21
\BOOKMARK [1][-]{section.9}{\376\377\004\041\004\077\004\070\004\101\004\076\004\072\000\040\004\070\004\101\004\102\004\076\004\107\004\075\004\070\004\072\004\076\004\062}{}% 22
\BOOKMARK [1][-]{section.10}{\376\377\004\037\004\100\004\070\004\073\004\076\004\066\004\065\004\075\004\070\004\117}{}% 23
\BOOKMARK [2][-]{subsection.10.1}{\376\377\004\041\004\101\004\113\004\073\004\072\004\060\000\040\004\075\004\060\000\040\004\100\004\065\004\077\004\076\004\067\004\070\004\102\004\076\004\100\004\070\004\071}{section.10}% 24
